<?xml version="1.0" encoding="UTF-8"?>
<!-- Generated by org.testng.reporters.JUnitXMLReporter -->
<testsuite hostname="PF0UVLM0" ignored="0" name="Firefox browser Test" tests="5" failures="0" timestamp="21 Jan 2020 15:53:22 GMT" time="18.853" errors="0">
  <testcase name="@BeforeClass setup" time="18.76" classname="com.portal.ecps.ca.Testing">
    <failure type="org.openqa.selenium.WebDriverException" message="java.io.IOException: Server returned HTTP response code: 400 for URL: http://localhost:23272/session/5d9a1170-4afa-4cef-9495-aa8704676154/element
Build info: version: &amp;apos;3.12.0&amp;apos;, revision: &amp;apos;7c6e0b3&amp;apos;, time: &amp;apos;2018-05-08T15:15:08.936Z&amp;apos;
System info: host: &amp;apos;PF0UVLM0&amp;apos;, ip: &amp;apos;192.168.56.1&amp;apos;, os.name: &amp;apos;Windows 10&amp;apos;, os.arch: &amp;apos;amd64&amp;apos;, os.version: &amp;apos;10.0&amp;apos;, java.version: &amp;apos;1.8.0_202&amp;apos;
Driver info: org.openqa.selenium.remote.RemoteWebDriver
Capabilities {acceptInsecureCerts: true, browserName: firefox, browserVersion: 69.0.3, javascriptEnabled: true, moz:accessibilityChecks: false, moz:buildID: 20191009172106, moz:geckodriverVersion: 0.26.0, moz:headless: false, moz:processID: 18524, moz:profile: C:\Users\mukkaman\AppData\L..., moz:shutdownTimeout: 60000, moz:useNonSpecCompliantPointerOrigin: false, moz:webdriverClick: true, pageLoadStrategy: normal, platform: WINDOWS, platformName: WINDOWS, platformVersion: 10.0, rotatable: false, setWindowRect: true, strictFileInteractability: false, timeouts: {implicit: 0, pageLoad: 300000, script: 30000}, unhandledPromptBehavior: dismiss and notify, webdriver.remote.sessionid: 5d9a1170-4afa-4cef-9495-aa8...}
Session ID: 5d9a1170-4afa-4cef-9495-aa8704676154
*** Element info: {Using=xpath, value=//input[@id=&amp;apos;passwordInput&amp;apos;]}">
      <![CDATA[org.openqa.selenium.WebDriverException: java.io.IOException: Server returned HTTP response code: 400 for URL: http://localhost:23272/session/5d9a1170-4afa-4cef-9495-aa8704676154/element
Build info: version: '3.12.0', revision: '7c6e0b3', time: '2018-05-08T15:15:08.936Z'
System info: host: 'PF0UVLM0', ip: '192.168.56.1', os.name: 'Windows 10', os.arch: 'amd64', os.version: '10.0', java.version: '1.8.0_202'
Driver info: org.openqa.selenium.remote.RemoteWebDriver
Capabilities {acceptInsecureCerts: true, browserName: firefox, browserVersion: 69.0.3, javascriptEnabled: true, moz:accessibilityChecks: false, moz:buildID: 20191009172106, moz:geckodriverVersion: 0.26.0, moz:headless: false, moz:processID: 18524, moz:profile: C:\Users\mukkaman\AppData\L..., moz:shutdownTimeout: 60000, moz:useNonSpecCompliantPointerOrigin: false, moz:webdriverClick: true, pageLoadStrategy: normal, platform: WINDOWS, platformName: WINDOWS, platformVersion: 10.0, rotatable: false, setWindowRect: true, strictFileInteractability: false, timeouts: {implicit: 0, pageLoad: 300000, script: 30000}, unhandledPromptBehavior: dismiss and notify, webdriver.remote.sessionid: 5d9a1170-4afa-4cef-9495-aa8...}
Session ID: 5d9a1170-4afa-4cef-9495-aa8704676154
*** Element info: {Using=xpath, value=//input[@id='passwordInput']}
at org.openqa.selenium.remote.http.W3CHttpResponseCodec.createException(W3CHttpResponseCodec.java:187)
at org.openqa.selenium.remote.http.W3CHttpResponseCodec.decode(W3CHttpResponseCodec.java:122)
at org.openqa.selenium.remote.http.W3CHttpResponseCodec.decode(W3CHttpResponseCodec.java:49)
at org.openqa.selenium.remote.HttpCommandExecutor.execute(HttpCommandExecutor.java:158)
at org.openqa.selenium.remote.RemoteWebDriver.execute(RemoteWebDriver.java:543)
at org.openqa.selenium.remote.RemoteWebDriver.findElement(RemoteWebDriver.java:317)
at org.openqa.selenium.remote.RemoteWebDriver.findElementByXPath(RemoteWebDriver.java:419)
at org.openqa.selenium.By$ByXPath.findElement(By.java:353)
at org.openqa.selenium.remote.RemoteWebDriver.findElement(RemoteWebDriver.java:309)
at com.portal.ecps.ca.Testing.setup(Testing.java:108)
... Removed 30 stack frames]]>
    </failure>
  </testcase> <!-- @BeforeClass setup -->
  <testcase name="@AfterClass teardown" time="0.0" classname="com.portal.ecps.ca.Testing">
    <skipped/>
  </testcase> <!-- @AfterClass teardown -->
  <testcase name="Marketingtab" time="0.0" classname="com.portal.ecps.ca.Testing">
    <skipped/>
  </testcase> <!-- Marketingtab -->
  <testcase name="testingexercise" time="0.0" classname="com.portal.ecps.ca.Testing">
    <skipped/>
  </testcase> <!-- testingexercise -->
  <testcase name="menubuildertab" time="0.0" classname="com.portal.ecps.ca.Testing">
    <skipped/>
  </testcase> <!-- menubuildertab -->
  <testcase name="Themedaystab" time="0.0" classname="com.portal.ecps.ca.Testing">
    <skipped/>
  </testcase> <!-- Themedaystab -->
  <testcase name="Educationtab" time="0.0" classname="com.portal.ecps.ca.Testing">
    <skipped/>
  </testcase> <!-- Educationtab -->
</testsuite> <!-- Firefox browser Test -->
